<?xml version="1.0" encoding="UTF-8"?>
<testsuite name="kr.ac.jejunu.userdao.UserDaoTests" tests="2" skipped="0" failures="0" errors="0" timestamp="2021-04-23T07:15:04" hostname="DESKTOP-DSC0IH7" time="0.363">
  <properties/>
  <testcase name="insert()" classname="kr.ac.jejunu.userdao.UserDaoTests" time="0.346"/>
  <testcase name="Get()" classname="kr.ac.jejunu.userdao.UserDaoTests" time="0.016"/>
  <system-out><![CDATA[]]></system-out>
  <system-err><![CDATA[]]></system-err>
</testsuite>
