<?xml version="1.0" encoding="UTF-8"?>
<testsuite name="kr.ac.jejunu.userdao.UserDaoTests" tests="4" skipped="0" failures="0" errors="0" timestamp="2021-04-23T07:19:21" hostname="DESKTOP-DSC0IH7" time="0.402">
  <properties/>
  <testcase name="halla_Get()" classname="kr.ac.jejunu.userdao.UserDaoTests" time="0.31"/>
  <testcase name="insert()" classname="kr.ac.jejunu.userdao.UserDaoTests" time="0.04"/>
  <testcase name="halla_insert()" classname="kr.ac.jejunu.userdao.UserDaoTests" time="0.033"/>
  <testcase name="Get()" classname="kr.ac.jejunu.userdao.UserDaoTests" time="0.016"/>
  <system-out><![CDATA[]]></system-out>
  <system-err><![CDATA[]]></system-err>
</testsuite>
