<?xml version="1.0" encoding="UTF-8"?>
<testsuite name="kr.ac.jejunu.userdao.UserDaoTests" tests="4" skipped="0" failures="0" errors="0" timestamp="2021-04-23T08:14:14" hostname="DESKTOP-DSC0IH7" time="0.433">
  <properties/>
  <testcase name="delete()" classname="kr.ac.jejunu.userdao.UserDaoTests" time="0.333"/>
  <testcase name="insert()" classname="kr.ac.jejunu.userdao.UserDaoTests" time="0.038"/>
  <testcase name="update()" classname="kr.ac.jejunu.userdao.UserDaoTests" time="0.046"/>
  <testcase name="Get()" classname="kr.ac.jejunu.userdao.UserDaoTests" time="0.013"/>
  <system-out><![CDATA[]]></system-out>
  <system-err><![CDATA[]]></system-err>
</testsuite>
